#
# A fatal error has been detected by the Java Runtime Environment:
#
#  SIGSEGV (0xb) at pc=0x000000010c6a8884, pid=13560, tid=16899
#
# JRE version: Java(TM) SE Runtime Environment (8.0_77-b03) (build 1.8.0_77-b03)
# Java VM: Java HotSpot(TM) 64-Bit Server VM (25.77-b03 mixed mode bsd-amd64 compressed oops)
# Problematic frame:
# V  [libjvm.dylib+0x382884]
#
# Failed to write core dump. Core dumps have been disabled. To enable core dumping, try "ulimit -c unlimited" before starting Java again
#
# If you would like to submit a bug report, please visit:
#   http://bugreport.java.com/bugreport/crash.jsp
#

---------------  T H R E A D  ---------------

Current thread (0x00007f8752032800):  JavaThread "JDWP Transport Listener: dt_socket" daemon [_thread_in_vm, id=16899, stack(0x0000700000ab8000,0x0000700000bb8000)]

siginfo: si_signo: 11 (SIGSEGV), si_code: 1 (SEGV_MAPERR), si_addr: 0x00007f8a71cc7cb0

Registers:
RAX=0x00007f8751f2e0d8, RBX=0x00000007c0060218, RCX=0x0000000000000001, RDX=0x00007f8751c08650
RSP=0x0000700000bb7970, RBP=0x0000700000bb79f0, RSI=0x0000000000000000, RDI=0x00007f8751c07dd0
R8 =0x0000700000bb78b8, R9 =0x0000700000bb78b0, R10=0x00007f8751c48370, R11=0x00007f8751f00000
R12=0x0000000000000010, R13=0x0000000064016400, R14=0x0000000000000013, R15=0x00007f8751c15cb0
RIP=0x000000010c6a8884, EFLAGS=0x0000000000010202, ERR=0x0000000000000006
  TRAPNO=0x000000000000000e

Top of Stack: (sp=0x0000700000bb7970)
0x0000700000bb7970:   0000700000bb7980 0000000000000013
0x0000700000bb7980:   0000700000bb7a84 0000700000bb7a78
0x0000700000bb7990:   00007f8752032800 00007f8751c034d0
0x0000700000bb79a0:   00007f8751c08560 00007f8751c08570
0x0000700000bb79b0:   00007f8751c08648 00000000000000d8
0x0000700000bb79c0:   0000700000bb7db0 0000700000bb7a78
0x0000700000bb79d0:   00007f8751f01990 00007f8752032800
0x0000700000bb79e0:   0000700000bb7a84 000000076afc7100
0x0000700000bb79f0:   0000700000bb7a60 000000010c67d1ef
0x0000700000bb7a00:   00007f8752032800 00007f8752032800
0x0000700000bb7a10:   0000000000000000 0000700000000000
0x0000700000bb7a20:   0000000000000000 00007f8752032800
0x0000700000bb7a30:   00007f8752032800 0000000000000001
0x0000700000bb7a40:   00007f8751f1d4f0 00007f8751c2f320
0x0000700000bb7a50:   0000700000bb7b08 0000700000bb7c90
0x0000700000bb7a60:   0000700000bb7ad0 000000010d2fe195
0x0000700000bb7a70:   0000700000bb7aa0 0000000000000000
0x0000700000bb7a80:   0000000000000032 0000700000bb7b08
0x0000700000bb7a90:   0000700000bb7b08 000000010d32c598
0x0000700000bb7aa0:   0000700000bb7ac0 0000700000bb7c90
0x0000700000bb7ab0:   000000010d320e7a 00007f8751c2f320
0x0000700000bb7ac0:   0000700000bb7b08 000000010d32c598
0x0000700000bb7ad0:   0000700000bb7ae0 000000010d2fe2ec
0x0000700000bb7ae0:   0000700000bb7d00 000000010d307898
0x0000700000bb7af0:   0000039e00000013 00000000000f0200
0x0000700000bb7b00:   00007f8751c2baa0 0000700000bb7b58
0x0000700000bb7b10:   00007f870000012c 0000700000bb7b20
0x0000700000bb7b20:   00007f8700000000 0000700000bb7b58
0x0000700000bb7b30:   0000000000000000 0000000000000000
0x0000700000bb7b40:   0000039e0000001c 0000000000000080
0x0000700000bb7b50:   0000700000bb7b58 0000000101000000
0x0000700000bb7b60:   0000000e00000000 7f00000e00000007 

Instructions: (pc=0x000000010c6a8884)
0x000000010c6a8864:   45 31 e4 48 8b 83 80 01 00 00 48 8b 8b a0 01 00
0x000000010c6a8874:   00 4e 63 6c a1 04 4a 8b 7c e0 08 e8 8c ff f9 ff
0x000000010c6a8884:   4b 89 04 ef 49 ff c4 4d 39 e6 75 d7 48 8b 45 88
0x000000010c6a8894:   48 8b 55 90 89 02 48 8b 4d 98 4c 89 39 31 db 48 

Register to memory mapping:

RAX=0x00007f8751f2e0d8 is an unknown value
RBX=0x00000007c0060218 is pointing into metadata
RCX=0x0000000000000001 is an unknown value
RDX=0x00007f8751c08650 is an unknown value
RSP=0x0000700000bb7970 is pointing into the stack for thread: 0x00007f8752032800
RBP=0x0000700000bb79f0 is pointing into the stack for thread: 0x00007f8752032800
RSI=0x0000000000000000 is an unknown value
RDI=0x00007f8751c07dd0 is an unknown value
R8 =0x0000700000bb78b8 is pointing into the stack for thread: 0x00007f8752032800
R9 =0x0000700000bb78b0 is pointing into the stack for thread: 0x00007f8752032800
R10=0x00007f8751c48370 is an unknown value
R11=0x00007f8751f00000 is an unknown value
R12=0x0000000000000010 is an unknown value
R13=0x0000000064016400 is an unknown value
R14=0x0000000000000013 is an unknown value
R15=0x00007f8751c15cb0 is an unknown value


Stack: [0x0000700000ab8000,0x0000700000bb8000],  sp=0x0000700000bb7970,  free space=1022k
Native frames: (J=compiled Java code, j=interpreted, Vv=VM code, C=native code)
V  [libjvm.dylib+0x382884]
V  [libjvm.dylib+0x3571ef]
C  [libjdwp.dylib+0x5195]  methods1+0xad
C  [libjdwp.dylib+0x52ec]  methodsWithGeneric+0xe
C  [libjdwp.dylib+0xe898]  debugLoop_run+0x1ce
C  [libjdwp.dylib+0x1f6ba]  attachThread+0x4d
V  [libjvm.dylib+0x39665c]
V  [libjvm.dylib+0x560e03]
V  [libjvm.dylib+0x5624fe]
V  [libjvm.dylib+0x482eda]
C  [libsystem_pthread.dylib+0x399d]  _pthread_body+0x83
C  [libsystem_pthread.dylib+0x391a]  _pthread_body+0x0
C  [libsystem_pthread.dylib+0x1351]  thread_start+0xd
C  0x0000000000000000


---------------  P R O C E S S  ---------------

Java Threads: ( => current thread )
  0x00007f875216d800 JavaThread "EMF Reference Cleaner" daemon [_thread_blocked, id=20995, stack(0x00007000012d0000,0x00007000013d0000)]
  0x00007f8752026800 JavaThread "Service Thread" daemon [_thread_blocked, id=19971, stack(0x00007000010ca000,0x00007000011ca000)]
  0x00007f875303c800 JavaThread "C1 CompilerThread2" daemon [_thread_blocked, id=19459, stack(0x0000700000fc7000,0x00007000010c7000)]
  0x00007f8752807000 JavaThread "C2 CompilerThread1" daemon [_thread_blocked, id=18947, stack(0x0000700000ec4000,0x0000700000fc4000)]
  0x00007f875303c000 JavaThread "C2 CompilerThread0" daemon [_thread_blocked, id=18435, stack(0x0000700000dc1000,0x0000700000ec1000)]
  0x00007f8752033000 JavaThread "JDWP Command Reader" daemon [_thread_in_native, id=17923, stack(0x0000700000cbe000,0x0000700000dbe000)]
  0x00007f875303a800 JavaThread "JDWP Event Helper Thread" daemon [_thread_blocked, id=17411, stack(0x0000700000bbb000,0x0000700000cbb000)]
=>0x00007f8752032800 JavaThread "JDWP Transport Listener: dt_socket" daemon [_thread_in_vm, id=16899, stack(0x0000700000ab8000,0x0000700000bb8000)]
  0x00007f8753037000 JavaThread "Signal Dispatcher" daemon [_thread_blocked, id=13839, stack(0x00007000009b5000,0x0000700000ab5000)]
  0x00007f8753028000 JavaThread "Finalizer" daemon [_thread_blocked, id=12291, stack(0x000070000082f000,0x000070000092f000)]
  0x00007f8753025000 JavaThread "Reference Handler" daemon [_thread_blocked, id=11779, stack(0x000070000072c000,0x000070000082c000)]
  0x00007f8752009800 JavaThread "main" [_thread_blocked, id=4099, stack(0x0000700000084000,0x0000700000184000)]

Other Threads:
  0x00007f8753828800 VMThread [stack: 0x0000700000629000,0x0000700000729000] [id=11267]
  0x00007f8752025800 WatcherThread [stack: 0x00007000011cd000,0x00007000012cd000] [id=20483]

VM state:not at safepoint (normal execution)

VM Mutex/Monitor currently owned by a thread: None

Heap:
 PSYoungGen      total 76288K, used 34165K [0x000000076ab00000, 0x0000000770000000, 0x00000007c0000000)
  eden space 65536K, 52% used [0x000000076ab00000,0x000000076cc5d6a8,0x000000076eb00000)
  from space 10752K, 0% used [0x000000076f580000,0x000000076f580000,0x0000000770000000)
  to   space 10752K, 0% used [0x000000076eb00000,0x000000076eb00000,0x000000076f580000)
 ParOldGen       total 175104K, used 0K [0x00000006c0000000, 0x00000006cab00000, 0x000000076ab00000)
  object space 175104K, 0% used [0x00000006c0000000,0x00000006c0000000,0x00000006cab00000)
 Metaspace       used 10272K, capacity 10370K, committed 10624K, reserved 1058816K
  class space    used 1258K, capacity 1299K, committed 1408K, reserved 1048576K

Card table byte_map: [0x000000011cfc0000,0x000000011d7c1000] byte_map_base: 0x00000001199c0000

Marking Bits: (ParMarkBitMap*) 0x000000010cc09ea0
 Begin Bits: [0x000000011dd17000, 0x0000000121d17000)
 End Bits:   [0x0000000121d17000, 0x0000000125d17000)

Polling page: 0x000000010d2f8000

CodeCache: size=245760Kb used=3646Kb max_used=3646Kb free=242113Kb
 bounds [0x000000010dc00000, 0x000000010dfa0000, 0x000000011cc00000]
 total_blobs=1261 nmethods=927 adapters=255
 compilation: enabled

Compilation events (10 events):
Event: 1.183 Thread 0x00007f875303c800  922       1       org.eclipse.emf.common.util.URI$Hierarchical::query (5 bytes)
Event: 1.183 Thread 0x00007f875303c800 nmethod 922 0x000000010df90bd0 code [0x000000010df90d20, 0x000000010df90e30]
Event: 1.183 Thread 0x00007f875303c800  923       1       org.eclipse.emf.ecore.resource.impl.ResourceImpl::getURI (5 bytes)
Event: 1.184 Thread 0x00007f875303c800 nmethod 923 0x000000010df90e90 code [0x000000010df90fe0, 0x000000010df910f0]
Event: 1.184 Thread 0x00007f875303c800  926       3       java.lang.Throwable::<init> (39 bytes)
Event: 1.184 Thread 0x00007f875303c800 nmethod 926 0x000000010df91150 code [0x000000010df912c0, 0x000000010df915e8]
Event: 1.184 Thread 0x00007f875303c800  924       1       org.eclipse.emf.ecore.util.ECrossReferenceEList$ResolvingFeatureIteratorImpl::resolve (2 bytes)
Event: 1.184 Thread 0x00007f875303c800 nmethod 924 0x000000010df916d0 code [0x000000010df91820, 0x000000010df91930]
Event: 1.188 Thread 0x00007f875303c800  927       3       org.eclipse.emf.ecore.impl.BasicEObjectImpl::eDirectResource (20 bytes)
Event: 1.188 Thread 0x00007f875303c800 nmethod 927 0x000000010df91990 code [0x000000010df91b00, 0x000000010df91e48]

GC Heap History (0 events):
No events

Deoptimization events (10 events):
Event: 0.465 Thread 0x00007f8752009800 Uncommon trap: reason=unstable_if action=reinterpret pc=0x000000010dda2b78 method=java.util.HashMap.putVal(ILjava/lang/Object;Ljava/lang/Object;ZZ)Ljava/lang/Object; @ 181
Event: 0.495 Thread 0x00007f8752009800 Uncommon trap: reason=unstable_if action=reinterpret pc=0x000000010dda492c method=java.util.HashMap.putVal(ILjava/lang/Object;Ljava/lang/Object;ZZ)Ljava/lang/Object; @ 181
Event: 0.679 Thread 0x00007f8752009800 Uncommon trap: reason=unstable_if action=reinterpret pc=0x000000010de02fd4 method=java.util.HashMap.getNode(ILjava/lang/Object;)Ljava/util/HashMap$Node; @ 116
Event: 0.679 Thread 0x00007f8752009800 Uncommon trap: reason=unstable_if action=reinterpret pc=0x000000010ddfbcb8 method=java.util.HashMap.getNode(ILjava/lang/Object;)Ljava/util/HashMap$Node; @ 116
Event: 0.808 Thread 0x00007f8752009800 Uncommon trap: reason=unstable_if action=reinterpret pc=0x000000010de40d14 method=java.util.HashMap.resize()[Ljava/util/HashMap$Node; @ 56
Event: 0.932 Thread 0x00007f8752009800 Uncommon trap: reason=class_check action=maybe_recompile pc=0x000000010de3cc70 method=java.util.HashMap.putVal(ILjava/lang/Object;Ljava/lang/Object;ZZ)Ljava/lang/Object; @ 253
Event: 0.995 Thread 0x00007f8752009800 Uncommon trap: reason=unstable_if action=reinterpret pc=0x000000010de86624 method=java.util.jar.Manifest$FastInputStream.peek()B @ 23
Event: 1.011 Thread 0x00007f8752009800 Uncommon trap: reason=unstable_if action=reinterpret pc=0x000000010de15638 method=java.util.jar.Manifest$FastInputStream.peek()B @ 23
Event: 1.073 Thread 0x00007f8752009800 Uncommon trap: reason=class_check action=maybe_recompile pc=0x000000010de3cc70 method=java.util.HashMap.putVal(ILjava/lang/Object;Ljava/lang/Object;ZZ)Ljava/lang/Object; @ 253
Event: 1.174 Thread 0x00007f8752009800 Uncommon trap: reason=unstable_if action=reinterpret pc=0x000000010de00a20 method=java.lang.String.lastIndexOf([CII[CIII)I @ 66

Internal exceptions (10 events):
Event: 0.245 Thread 0x00007f8752009800 Exception <a 'java/util/zip/ZipException'> (0x000000076abb9e90) thrown at [/Users/java_re/workspace/8-2-build-macosx-x86_64/jdk8u77/6540/hotspot/src/share/vm/prims/jni.cpp, line 709]
Event: 0.245 Thread 0x00007f8752009800 Exception <a 'java/security/PrivilegedActionException'> (0x000000076abba098) thrown at [/Users/java_re/workspace/8-2-build-macosx-x86_64/jdk8u77/6540/hotspot/src/share/vm/prims/jvm.cpp, line 1386]
Event: 0.245 Thread 0x00007f8752009800 Exception <a 'java/security/PrivilegedActionException'> (0x000000076abba2a8) thrown at [/Users/java_re/workspace/8-2-build-macosx-x86_64/jdk8u77/6540/hotspot/src/share/vm/prims/jvm.cpp, line 1386]
Event: 0.248 Thread 0x00007f8752009800 Exception <a 'java/util/zip/ZipException'> (0x000000076abcbd08) thrown at [/Users/java_re/workspace/8-2-build-macosx-x86_64/jdk8u77/6540/hotspot/src/share/vm/prims/jni.cpp, line 709]
Event: 0.248 Thread 0x00007f8752009800 Exception <a 'java/security/PrivilegedActionException'> (0x000000076abcbf10) thrown at [/Users/java_re/workspace/8-2-build-macosx-x86_64/jdk8u77/6540/hotspot/src/share/vm/prims/jvm.cpp, line 1386]
Event: 0.248 Thread 0x00007f8752009800 Exception <a 'java/security/PrivilegedActionException'> (0x000000076abcc120) thrown at [/Users/java_re/workspace/8-2-build-macosx-x86_64/jdk8u77/6540/hotspot/src/share/vm/prims/jvm.cpp, line 1386]
Event: 0.283 Thread 0x00007f8752009800 Exception <a 'java/security/PrivilegedActionException'> (0x000000076af90418) thrown at [/Users/java_re/workspace/8-2-build-macosx-x86_64/jdk8u77/6540/hotspot/src/share/vm/prims/jvm.cpp, line 1386]
Event: 0.283 Thread 0x00007f8752009800 Exception <a 'java/security/PrivilegedActionException'> (0x000000076af90628) thrown at [/Users/java_re/workspace/8-2-build-macosx-x86_64/jdk8u77/6540/hotspot/src/share/vm/prims/jvm.cpp, line 1386]
Event: 0.283 Thread 0x00007f8752009800 Exception <a 'java/security/PrivilegedActionException'> (0x000000076af938c8) thrown at [/Users/java_re/workspace/8-2-build-macosx-x86_64/jdk8u77/6540/hotspot/src/share/vm/prims/jvm.cpp, line 1386]
Event: 0.283 Thread 0x00007f8752009800 Exception <a 'java/security/PrivilegedActionException'> (0x000000076af93ad8) thrown at [/Users/java_re/workspace/8-2-build-macosx-x86_64/jdk8u77/6540/hotspot/src/share/vm/prims/jvm.cpp, line 1386]

Events (10 events):
Event: 20.020 Executing VM operation: GetCurrentLocation
Event: 20.020 Executing VM operation: GetCurrentLocation done
Event: 20.020 Executing VM operation: EnterInterpOnlyMode
Event: 20.020 Executing VM operation: EnterInterpOnlyMode done
Event: 20.020 Executing VM operation: ChangeSingleStep
Event: 20.020 Executing VM operation: ChangeSingleStep done
Event: 20.020 Executing VM operation: ChangeSingleStep
Event: 20.020 Executing VM operation: ChangeSingleStep done
Event: 20.036 Executing VM operation: RedefineClasses
Event: 20.043 Executing VM operation: RedefineClasses done


Dynamic libraries:
0x0000000006643000 	/System/Library/Frameworks/Cocoa.framework/Versions/A/Cocoa
0x0000000006643000 	/System/Library/Frameworks/Security.framework/Versions/A/Security
0x0000000006643000 	/System/Library/Frameworks/ApplicationServices.framework/Versions/A/ApplicationServices
0x0000000006643000 	/usr/lib/libz.1.dylib
0x0000000006643000 	/usr/lib/libSystem.B.dylib
0x0000000006643000 	/usr/lib/libobjc.A.dylib
0x0000000006643000 	/System/Library/Frameworks/CoreFoundation.framework/Versions/A/CoreFoundation
0x0000000006643000 	/System/Library/Frameworks/Foundation.framework/Versions/C/Foundation
0x0000000006643000 	/System/Library/Frameworks/AppKit.framework/Versions/C/AppKit
0x0000000006643000 	/System/Library/Frameworks/CoreData.framework/Versions/A/CoreData
0x0000000006643000 	/System/Library/PrivateFrameworks/RemoteViewServices.framework/Versions/A/RemoteViewServices
0x0000000006643000 	/System/Library/PrivateFrameworks/UIFoundation.framework/Versions/A/UIFoundation
0x0000000006643000 	/usr/lib/libScreenReader.dylib
0x0000000006643000 	/System/Library/Frameworks/Accelerate.framework/Versions/A/Accelerate
0x0000000006643000 	/System/Library/Frameworks/IOSurface.framework/Versions/A/IOSurface
0x0000000006643000 	/System/Library/Frameworks/AudioToolbox.framework/Versions/A/AudioToolbox
0x0000000006643000 	/System/Library/Frameworks/AudioUnit.framework/Versions/A/AudioUnit
0x0000000006643000 	/System/Library/PrivateFrameworks/DataDetectorsCore.framework/Versions/A/DataDetectorsCore
0x0000000006643000 	/System/Library/PrivateFrameworks/DesktopServicesPriv.framework/Versions/A/DesktopServicesPriv
0x0000000006643000 	/System/Library/Frameworks/Carbon.framework/Versions/A/Frameworks/HIToolbox.framework/Versions/A/HIToolbox
0x0000000006643000 	/System/Library/Frameworks/QuartzCore.framework/Versions/A/QuartzCore
0x0000000006643000 	/System/Library/Frameworks/Carbon.framework/Versions/A/Frameworks/SpeechRecognition.framework/Versions/A/SpeechRecognition
0x0000000006643000 	/usr/lib/libauto.dylib
0x0000000006643000 	/usr/lib/libicucore.A.dylib
0x0000000006643000 	/usr/lib/libxml2.2.dylib
0x0000000006643000 	/System/Library/PrivateFrameworks/CoreUI.framework/Versions/A/CoreUI
0x0000000006643000 	/System/Library/Frameworks/CoreAudio.framework/Versions/A/CoreAudio
0x0000000006643000 	/System/Library/Frameworks/DiskArbitration.framework/Versions/A/DiskArbitration
0x0000000006643000 	/usr/lib/liblangid.dylib
0x0000000006643000 	/System/Library/PrivateFrameworks/MultitouchSupport.framework/Versions/A/MultitouchSupport
0x0000000006643000 	/System/Library/Frameworks/IOKit.framework/Versions/A/IOKit
0x0000000006643000 	/usr/lib/libDiagnosticMessagesClient.dylib
0x0000000006643000 	/System/Library/Frameworks/CoreServices.framework/Versions/A/CoreServices
0x0000000006643000 	/System/Library/PrivateFrameworks/PerformanceAnalysis.framework/Versions/A/PerformanceAnalysis
0x0000000006643000 	/System/Library/PrivateFrameworks/GenerationalStorage.framework/Versions/A/GenerationalStorage
0x0000000006643000 	/System/Library/Frameworks/OpenGL.framework/Versions/A/OpenGL
0x0000000006643000 	/System/Library/PrivateFrameworks/Sharing.framework/Versions/A/Sharing
0x0000000006643000 	/System/Library/Frameworks/CoreGraphics.framework/Versions/A/CoreGraphics
0x0000000006643000 	/System/Library/Frameworks/CoreImage.framework/Versions/A/CoreImage
0x0000000006643000 	/System/Library/Frameworks/CoreText.framework/Versions/A/CoreText
0x0000000006643000 	/System/Library/Frameworks/ImageIO.framework/Versions/A/ImageIO
0x0000000006643000 	/System/Library/PrivateFrameworks/Backup.framework/Versions/A/Backup
0x0000000006643000 	/usr/lib/libextension.dylib
0x0000000006643000 	/usr/lib/libarchive.2.dylib
0x0000000006643000 	/System/Library/Frameworks/CFNetwork.framework/Versions/A/CFNetwork
0x0000000006643000 	/System/Library/Frameworks/SystemConfiguration.framework/Versions/A/SystemConfiguration
0x0000000006643000 	/usr/lib/libCRFSuite.dylib
0x0000000006643000 	/usr/lib/libc++.1.dylib
0x0000000006643000 	/usr/lib/libc++abi.dylib
0x0000000006643000 	/usr/lib/system/libcache.dylib
0x0000000006643000 	/usr/lib/system/libcommonCrypto.dylib
0x0000000006643000 	/usr/lib/system/libcompiler_rt.dylib
0x0000000006643000 	/usr/lib/system/libcopyfile.dylib
0x0000000006643000 	/usr/lib/system/libcorecrypto.dylib
0x0000000006643000 	/usr/lib/system/libdispatch.dylib
0x0000000006643000 	/usr/lib/system/libdyld.dylib
0x0000000006643000 	/usr/lib/system/libkeymgr.dylib
0x0000000006643000 	/usr/lib/system/liblaunch.dylib
0x0000000006643000 	/usr/lib/system/libmacho.dylib
0x0000000006643000 	/usr/lib/system/libquarantine.dylib
0x0000000006643000 	/usr/lib/system/libremovefile.dylib
0x0000000006643000 	/usr/lib/system/libsystem_asl.dylib
0x0000000006643000 	/usr/lib/system/libsystem_blocks.dylib
0x0000000006643000 	/usr/lib/system/libsystem_c.dylib
0x0000000006643000 	/usr/lib/system/libsystem_configuration.dylib
0x0000000006643000 	/usr/lib/system/libsystem_coreservices.dylib
0x0000000006643000 	/usr/lib/system/libsystem_coretls.dylib
0x0000000006643000 	/usr/lib/system/libsystem_dnssd.dylib
0x0000000006643000 	/usr/lib/system/libsystem_info.dylib
0x0000000006643000 	/usr/lib/system/libsystem_kernel.dylib
0x0000000006643000 	/usr/lib/system/libsystem_m.dylib
0x0000000006643000 	/usr/lib/system/libsystem_malloc.dylib
0x0000000006643000 	/usr/lib/system/libsystem_network.dylib
0x0000000006643000 	/usr/lib/system/libsystem_networkextension.dylib
0x0000000006643000 	/usr/lib/system/libsystem_notify.dylib
0x0000000006643000 	/usr/lib/system/libsystem_platform.dylib
0x0000000006643000 	/usr/lib/system/libsystem_pthread.dylib
0x0000000006643000 	/usr/lib/system/libsystem_sandbox.dylib
0x0000000006643000 	/usr/lib/system/libsystem_secinit.dylib
0x0000000006643000 	/usr/lib/system/libsystem_trace.dylib
0x0000000006643000 	/usr/lib/system/libunc.dylib
0x0000000006643000 	/usr/lib/system/libunwind.dylib
0x0000000006643000 	/usr/lib/system/libxpc.dylib
0x0000000006643000 	/usr/lib/libenergytrace.dylib
0x0000000006643000 	/usr/lib/libbsm.0.dylib
0x0000000006643000 	/usr/lib/system/libkxld.dylib
0x0000000006643000 	/usr/lib/libxar.1.dylib
0x0000000006643000 	/usr/lib/libsqlite3.dylib
0x0000000006643000 	/usr/lib/libpam.2.dylib
0x0000000006643000 	/usr/lib/libOpenScriptingUtil.dylib
0x0000000006643000 	/usr/lib/libbz2.1.0.dylib
0x0000000006643000 	/usr/lib/liblzma.5.dylib
0x0000000006643000 	/System/Library/Frameworks/CoreServices.framework/Versions/A/Frameworks/FSEvents.framework/Versions/A/FSEvents
0x0000000006643000 	/System/Library/Frameworks/CoreServices.framework/Versions/A/Frameworks/CarbonCore.framework/Versions/A/CarbonCore
0x0000000006643000 	/System/Library/Frameworks/CoreServices.framework/Versions/A/Frameworks/Metadata.framework/Versions/A/Metadata
0x0000000006643000 	/System/Library/Frameworks/CoreServices.framework/Versions/A/Frameworks/OSServices.framework/Versions/A/OSServices
0x0000000006643000 	/System/Library/Frameworks/CoreServices.framework/Versions/A/Frameworks/SearchKit.framework/Versions/A/SearchKit
0x0000000006643000 	/System/Library/Frameworks/CoreServices.framework/Versions/A/Frameworks/AE.framework/Versions/A/AE
0x0000000006643000 	/System/Library/Frameworks/CoreServices.framework/Versions/A/Frameworks/LaunchServices.framework/Versions/A/LaunchServices
0x0000000006643000 	/System/Library/Frameworks/CoreServices.framework/Versions/A/Frameworks/DictionaryServices.framework/Versions/A/DictionaryServices
0x0000000006643000 	/System/Library/Frameworks/CoreServices.framework/Versions/A/Frameworks/SharedFileList.framework/Versions/A/SharedFileList
0x0000000006643000 	/System/Library/Frameworks/NetFS.framework/Versions/A/NetFS
0x0000000006643000 	/System/Library/PrivateFrameworks/NetAuth.framework/Versions/A/NetAuth
0x0000000006643000 	/System/Library/PrivateFrameworks/login.framework/Versions/A/Frameworks/loginsupport.framework/Versions/A/loginsupport
0x0000000006643000 	/System/Library/PrivateFrameworks/TCC.framework/Versions/A/TCC
0x0000000006643000 	/usr/lib/libmecabra.dylib
0x0000000006643000 	/System/Library/Frameworks/ApplicationServices.framework/Versions/A/Frameworks/ATS.framework/Versions/A/ATS
0x0000000006643000 	/System/Library/Frameworks/ApplicationServices.framework/Versions/A/Frameworks/ColorSync.framework/Versions/A/ColorSync
0x0000000006643000 	/System/Library/Frameworks/ApplicationServices.framework/Versions/A/Frameworks/HIServices.framework/Versions/A/HIServices
0x0000000006643000 	/System/Library/Frameworks/ApplicationServices.framework/Versions/A/Frameworks/LangAnalysis.framework/Versions/A/LangAnalysis
0x0000000006643000 	/System/Library/Frameworks/ApplicationServices.framework/Versions/A/Frameworks/PrintCore.framework/Versions/A/PrintCore
0x0000000006643000 	/System/Library/Frameworks/ApplicationServices.framework/Versions/A/Frameworks/QD.framework/Versions/A/QD
0x0000000006643000 	/System/Library/Frameworks/ApplicationServices.framework/Versions/A/Frameworks/SpeechSynthesis.framework/Versions/A/SpeechSynthesis
0x0000000006643000 	/System/Library/Frameworks/Metal.framework/Versions/A/Metal
0x0000000006643000 	/System/Library/Frameworks/Accelerate.framework/Versions/A/Frameworks/vImage.framework/Versions/A/vImage
0x0000000006643000 	/System/Library/Frameworks/Accelerate.framework/Versions/A/Frameworks/vecLib.framework/Versions/A/vecLib
0x0000000006643000 	/System/Library/Frameworks/Accelerate.framework/Versions/A/Frameworks/vecLib.framework/Versions/A/libvDSP.dylib
0x0000000006643000 	/System/Library/Frameworks/Accelerate.framework/Versions/A/Frameworks/vecLib.framework/Versions/A/libvMisc.dylib
0x0000000006643000 	/System/Library/Frameworks/Accelerate.framework/Versions/A/Frameworks/vecLib.framework/Versions/A/libLAPACK.dylib
0x0000000006643000 	/System/Library/Frameworks/Accelerate.framework/Versions/A/Frameworks/vecLib.framework/Versions/A/libBLAS.dylib
0x0000000006643000 	/System/Library/Frameworks/Accelerate.framework/Versions/A/Frameworks/vecLib.framework/Versions/A/libLinearAlgebra.dylib
0x0000000006643000 	/System/Library/Frameworks/Accelerate.framework/Versions/A/Frameworks/vecLib.framework/Versions/A/libSparseBLAS.dylib
0x0000000006643000 	/System/Library/PrivateFrameworks/GPUCompiler.framework/libmetal_timestamp.dylib
0x0000000006643000 	/System/Library/Frameworks/OpenGL.framework/Versions/A/Libraries/libCoreFSCache.dylib
0x0000000006643000 	/System/Library/PrivateFrameworks/IOAccelerator.framework/Versions/A/IOAccelerator
0x0000000006643000 	/System/Library/Frameworks/ApplicationServices.framework/Versions/A/Frameworks/ATS.framework/Versions/A/Resources/libFontParser.dylib
0x0000000006643000 	/System/Library/Frameworks/ApplicationServices.framework/Versions/A/Frameworks/ATS.framework/Versions/A/Resources/libFontRegistry.dylib
0x0000000006643000 	/System/Library/PrivateFrameworks/AppleVPA.framework/Versions/A/AppleVPA
0x0000000006643000 	/System/Library/PrivateFrameworks/AppleJPEG.framework/Versions/A/AppleJPEG
0x0000000006643000 	/System/Library/Frameworks/ImageIO.framework/Versions/A/Resources/libJPEG.dylib
0x0000000006643000 	/System/Library/Frameworks/ImageIO.framework/Versions/A/Resources/libTIFF.dylib
0x0000000006643000 	/System/Library/Frameworks/ImageIO.framework/Versions/A/Resources/libPng.dylib
0x0000000006643000 	/System/Library/Frameworks/ImageIO.framework/Versions/A/Resources/libGIF.dylib
0x0000000006643000 	/System/Library/Frameworks/ImageIO.framework/Versions/A/Resources/libJP2.dylib
0x0000000006643000 	/System/Library/Frameworks/ImageIO.framework/Versions/A/Resources/libRadiance.dylib
0x0000000006643000 	/System/Library/Frameworks/CoreVideo.framework/Versions/A/CoreVideo
0x0000000006643000 	/System/Library/Frameworks/OpenGL.framework/Versions/A/Libraries/libGLU.dylib
0x0000000006643000 	/System/Library/Frameworks/OpenGL.framework/Versions/A/Libraries/libGFXShared.dylib
0x0000000006643000 	/System/Library/Frameworks/OpenGL.framework/Versions/A/Libraries/libGL.dylib
0x0000000006643000 	/System/Library/Frameworks/OpenGL.framework/Versions/A/Libraries/libGLImage.dylib
0x0000000006643000 	/System/Library/Frameworks/OpenGL.framework/Versions/A/Libraries/libCVMSPluginSupport.dylib
0x0000000006643000 	/System/Library/Frameworks/OpenGL.framework/Versions/A/Libraries/libCoreVMClient.dylib
0x0000000006643000 	/usr/lib/libcompression.dylib
0x0000000006643000 	/usr/lib/libcups.2.dylib
0x0000000006643000 	/System/Library/Frameworks/Kerberos.framework/Versions/A/Kerberos
0x0000000006643000 	/System/Library/Frameworks/GSS.framework/Versions/A/GSS
0x0000000006643000 	/usr/lib/libresolv.9.dylib
0x0000000006643000 	/usr/lib/libiconv.2.dylib
0x0000000006643000 	/System/Library/PrivateFrameworks/Heimdal.framework/Versions/A/Heimdal
0x0000000006643000 	/usr/lib/libheimdal-asn1.dylib
0x0000000006643000 	/System/Library/Frameworks/OpenDirectory.framework/Versions/A/OpenDirectory
0x0000000006643000 	/System/Library/PrivateFrameworks/CommonAuth.framework/Versions/A/CommonAuth
0x0000000006643000 	/System/Library/Frameworks/OpenDirectory.framework/Versions/A/Frameworks/CFOpenDirectory.framework/Versions/A/CFOpenDirectory
0x0000000006643000 	/System/Library/Frameworks/SecurityFoundation.framework/Versions/A/SecurityFoundation
0x0000000006643000 	/System/Library/PrivateFrameworks/LanguageModeling.framework/Versions/A/LanguageModeling
0x0000000006643000 	/usr/lib/libmarisa.dylib
0x0000000006643000 	/usr/lib/libChineseTokenizer.dylib
0x0000000006643000 	/usr/lib/libcmph.dylib
0x0000000006643000 	/System/Library/Frameworks/ServiceManagement.framework/Versions/A/ServiceManagement
0x0000000006643000 	/usr/lib/libxslt.1.dylib
0x0000000006643000 	/System/Library/Frameworks/Carbon.framework/Versions/A/Frameworks/Ink.framework/Versions/A/Ink
0x0000000006643000 	/usr/lib/libFosl_dynamic.dylib
0x0000000006643000 	/System/Library/PrivateFrameworks/FaceCore.framework/Versions/A/FaceCore
0x0000000006643000 	/System/Library/Frameworks/OpenCL.framework/Versions/A/OpenCL
0x0000000006643000 	/System/Library/PrivateFrameworks/CrashReporterSupport.framework/Versions/A/CrashReporterSupport
0x0000000006643000 	/System/Library/PrivateFrameworks/IconServices.framework/Versions/A/IconServices
0x0000000006643000 	/System/Library/PrivateFrameworks/Apple80211.framework/Versions/A/Apple80211
0x0000000006643000 	/System/Library/Frameworks/CoreWLAN.framework/Versions/A/CoreWLAN
0x0000000006643000 	/System/Library/Frameworks/IOBluetooth.framework/Versions/A/IOBluetooth
0x0000000006643000 	/System/Library/PrivateFrameworks/CoreWiFi.framework/Versions/A/CoreWiFi
0x0000000006643000 	/System/Library/Frameworks/CoreBluetooth.framework/Versions/A/CoreBluetooth
0x0000000006643000 	/System/Library/PrivateFrameworks/ChunkingLibrary.framework/Versions/A/ChunkingLibrary
0x0000000006643000 	/System/Library/PrivateFrameworks/DebugSymbols.framework/Versions/A/DebugSymbols
0x0000000006643000 	/System/Library/PrivateFrameworks/CoreSymbolication.framework/Versions/A/CoreSymbolication
0x0000000006643000 	/System/Library/PrivateFrameworks/Symbolication.framework/Versions/A/Symbolication
0x0000000006643000 	/System/Library/PrivateFrameworks/SpeechRecognitionCore.framework/Versions/A/SpeechRecognitionCore
0x000000010c326000 	/Library/Java/JavaVirtualMachines/jdk1.8.0_77.jdk/Contents/Home/jre/lib/server/libjvm.dylib
0x0000000006643000 	/usr/lib/libstdc++.6.dylib
0x000000010d2b5000 	/Library/Java/JavaVirtualMachines/jdk1.8.0_77.jdk/Contents/Home/jre/lib/libverify.dylib
0x000000010d2c3000 	/Library/Java/JavaVirtualMachines/jdk1.8.0_77.jdk/Contents/Home/jre/lib/libjava.dylib
0x000000010d2f9000 	/Library/Java/JavaVirtualMachines/jdk1.8.0_77.jdk/Contents/Home/jre/lib/libjdwp.dylib
0x000000010d344000 	/Library/Java/JavaVirtualMachines/jdk1.8.0_77.jdk/Contents/Home/jre/lib/libnpt.dylib
0x000000010d355000 	/Library/Java/JavaVirtualMachines/jdk1.8.0_77.jdk/Contents/Home/jre/lib/libzip.dylib
0x0000000127f9d000 	/System/Library/Frameworks/JavaVM.framework/Frameworks/JavaRuntimeSupport.framework/JavaRuntimeSupport
0x0000000127fb8000 	/System/Library/Frameworks/JavaVM.framework/Versions/A/Frameworks/JavaNativeFoundation.framework/Versions/A/JavaNativeFoundation
0x0000000127fcd000 	/System/Library/Frameworks/JavaVM.framework/Versions/A/JavaVM
0x0000000006643000 	/System/Library/Frameworks/Carbon.framework/Versions/A/Carbon
0x0000000127fda000 	/System/Library/PrivateFrameworks/JavaLaunching.framework/Versions/A/JavaLaunching
0x0000000006643000 	/System/Library/Frameworks/Carbon.framework/Versions/A/Frameworks/CommonPanels.framework/Versions/A/CommonPanels
0x0000000006643000 	/System/Library/Frameworks/Carbon.framework/Versions/A/Frameworks/Help.framework/Versions/A/Help
0x0000000006643000 	/System/Library/Frameworks/Carbon.framework/Versions/A/Frameworks/ImageCapture.framework/Versions/A/ImageCapture
0x0000000006643000 	/System/Library/Frameworks/Carbon.framework/Versions/A/Frameworks/OpenScripting.framework/Versions/A/OpenScripting
0x0000000006643000 	/System/Library/Frameworks/Carbon.framework/Versions/A/Frameworks/Print.framework/Versions/A/Print
0x0000000006643000 	/System/Library/Frameworks/Carbon.framework/Versions/A/Frameworks/SecurityHI.framework/Versions/A/SecurityHI
0x00000001298f9000 	/Library/Java/JavaVirtualMachines/jdk1.8.0_77.jdk/Contents/Home/jre/lib/libdt_socket.dylib

VM Arguments:
jvm_args: -agentlib:jdwp=transport=dt_socket,suspend=y,address=localhost:62995 -Dfile.encoding=UTF-8 
java_command: emotions2maude_behavior.Main.Main
java_class_path (initial): /Users/amoreno/eclipse/EclipseNeonModelling.app/Contents/Eclipse/plugins/org.eclipse.core.runtime_3.12.0.v20160606-1342.jar:/Users/amoreno/eclipse/EclipseNeonModelling.app/Contents/Eclipse/plugins/javax.inject_1.0.0.v20091030.jar:/Users/amoreno/eclipse/EclipseNeonModelling.app/Contents/Eclipse/plugins/org.eclipse.osgi_3.11.0.v20160603-1336.jar:/Users/amoreno/eclipse/EclipseNeonModelling.app/Contents/Eclipse/plugins/org.eclipse.osgi.compatibility.state_1.0.200.v20160504-1419.jar:/Users/amoreno/eclipse/EclipseNeonModelling.app/Contents/Eclipse/plugins/org.eclipse.equinox.common_3.8.0.v20160509-1230.jar:/Users/amoreno/eclipse/EclipseNeonModelling.app/Contents/Eclipse/plugins/org.eclipse.core.jobs_3.8.0.v20160509-0411.jar:/Users/amoreno/eclipse/EclipseNeonModelling.app/Contents/Eclipse/plugins/org.eclipse.equinox.registry_3.6.100.v20160223-2218.jar:/Users/amoreno/eclipse/EclipseNeonModelling.app/Contents/Eclipse/plugins/org.eclipse.equinox.preferences_3.6.0.v20160120-1756.jar:/Users/amoreno/eclipse/EclipseNeonModelling.app/Contents/Eclipse/plugins/org.eclipse.core.contenttype_3.5.100.v20160418-1621.jar:/Users/amoreno/eclipse/EclipseNeonModelling.app/Contents/Eclipse/plugins/org.eclipse.equinox.app_1.3.400.v20150715-1528.jar:/Users/amoreno/eclipse/EclipseNeonModelling.app/Contents/Eclipse/plugins/org.eclipse.m2m.atl.engine.emfvm_3.7.0.v201603222002.jar:/Users/amoreno/eclipse/EclipseNeonModelling.app/Contents/Eclipse/plugins/org.eclipse.m2m.atl.common_3.7.0.v201603222002.jar:/Users/amoreno/eclipse/EclipseNeonModelling.app/Contents/Eclipse/plugins/org.eclipse.emf.ecore_2.12.0.v20160420-0247.jar:/Users/amoreno/eclipse/EclipseNeonModelling.app/Contents/Eclipse/plugins/org.eclipse.emf.common_2.12.0.v20160420-0247.jar:/Users/amoreno/eclipse/EclipseNeonModelling.app/Contents/Eclipse/plugins/org.eclipse.m2m.atl.core.emf_3.7.0.v201603222002.jar:/Users/amoreno/eclipse/EclipseNeonModelling.app/Contents/Eclipse/plugins/org.eclipse.m2m.atl.core_3.7.0.v201
Launcher Type: SUN_STANDARD

Environment Variables:
PATH=/usr/bin:/bin:/usr/sbin:/sbin
SHELL=/bin/bash

Signal Handlers:
SIGSEGV: [libjvm.dylib+0x5a6855], sa_mask[0]=11111111011111110111111111111111, sa_flags=SA_ONSTACK|SA_RESTART|SA_SIGINFO
SIGBUS: [libjvm.dylib+0x5a6855], sa_mask[0]=11111111011111110111111111111111, sa_flags=SA_RESTART|SA_SIGINFO
SIGFPE: [libjvm.dylib+0x4804ec], sa_mask[0]=11111111011111110111111111111111, sa_flags=SA_RESTART|SA_SIGINFO
SIGPIPE: [libjvm.dylib+0x4804ec], sa_mask[0]=11111111011111110111111111111111, sa_flags=SA_RESTART|SA_SIGINFO
SIGXFSZ: [libjvm.dylib+0x4804ec], sa_mask[0]=11111111011111110111111111111111, sa_flags=SA_RESTART|SA_SIGINFO
SIGILL: [libjvm.dylib+0x4804ec], sa_mask[0]=11111111011111110111111111111111, sa_flags=SA_RESTART|SA_SIGINFO
SIGUSR1: SIG_DFL, sa_mask[0]=00000000000000000000000000000000, sa_flags=none
SIGUSR2: [libjvm.dylib+0x48000a], sa_mask[0]=00100000000000000000000000000000, sa_flags=SA_RESTART|SA_SIGINFO
SIGHUP: [libjvm.dylib+0x47e5e1], sa_mask[0]=11111111011111110111111111111111, sa_flags=SA_RESTART|SA_SIGINFO
SIGINT: [libjvm.dylib+0x47e5e1], sa_mask[0]=11111111011111110111111111111111, sa_flags=SA_RESTART|SA_SIGINFO
SIGTERM: [libjvm.dylib+0x47e5e1], sa_mask[0]=11111111011111110111111111111111, sa_flags=SA_RESTART|SA_SIGINFO
SIGQUIT: [libjvm.dylib+0x47e5e1], sa_mask[0]=11111111011111110111111111111111, sa_flags=SA_RESTART|SA_SIGINFO


---------------  S Y S T E M  ---------------

OS:Bsduname:Darwin 15.6.0 Darwin Kernel Version 15.6.0: Mon Aug 29 20:21:34 PDT 2016; root:xnu-3248.60.11~1/RELEASE_X86_64 x86_64
rlimit: STACK 8192k, CORE 0k, NPROC 709, NOFILE 10240, AS infinity
load average:1.66 1.99 2.03

CPU:total 4 (2 cores per cpu, 2 threads per core) family 6 model 61 stepping 4, cmov, cx8, fxsr, mmx, sse, sse2, sse3, ssse3, sse4.1, sse4.2, popcnt, avx, avx2, aes, clmul, erms, 3dnowpref, lzcnt, ht, tsc, tscinvbit, bmi1, bmi2, adx

Memory: 4k page, physical 16777216k(2501396k free)

/proc/meminfo:


vm_info: Java HotSpot(TM) 64-Bit Server VM (25.77-b03) for bsd-amd64 JRE (1.8.0_77-b03), built on Mar 20 2016 22:14:03 by "java_re" with gcc 4.2.1 (Based on Apple Inc. build 5658) (LLVM build 2336.11.00)

time: Tue Sep 13 19:32:18 2016
elapsed time: 20 seconds (0d 0h 0m 20s)

